{
  "RSpec": {
    "coverage": {
      "/media/sf_606/CourseEvaluationSummarizerProject/app/channels/application_cable/channel.rb": {
        "lines": [
          0,
          0,
          0,
          0
        ],
        "branches": {
        }
      },
      "/media/sf_606/CourseEvaluationSummarizerProject/app/channels/application_cable/connection.rb": {
        "lines": [
          0,
          0,
          0,
          0
        ],
        "branches": {
        }
      },
      "/media/sf_606/CourseEvaluationSummarizerProject/app/controllers/application_controller.rb": {
        "lines": [
          0,
          0
        ],
        "branches": {
        }
      },
      "/media/sf_606/CourseEvaluationSummarizerProject/app/controllers/hello_controller.rb": {
        "lines": [
          0,
          0,
          0,
          0,
          0,
          null,
          0,
          null,
          0,
          0,
          0,
          0
        ],
        "branches": {
        }
      },
      "/media/sf_606/CourseEvaluationSummarizerProject/app/controllers/pages_controller.rb": {
        "lines": [
          0,
          0,
          0,
          0,
          null,
          0,
          0,
          0,
          0,
          0,
          0,
          0,
          0,
          0
        ],
        "branches": {
        }
      },
      "/media/sf_606/CourseEvaluationSummarizerProject/app/helpers/application_helper.rb": {
        "lines": [
          0,
          0
        ],
        "branches": {
        }
      },
      "/media/sf_606/CourseEvaluationSummarizerProject/app/helpers/pages_helper.rb": {
        "lines": [
          0,
          0
        ],
        "branches": {
        }
      },
      "/media/sf_606/CourseEvaluationSummarizerProject/app/jobs/application_job.rb": {
        "lines": [
          0,
          null,
          null,
          null,
          null,
          null,
          0
        ],
        "branches": {
        }
      },
      "/media/sf_606/CourseEvaluationSummarizerProject/app/mailers/application_mailer.rb": {
        "lines": [
          0,
          0,
          0,
          0
        ],
        "branches": {
        }
      },
      "/media/sf_606/CourseEvaluationSummarizerProject/app/models/application_record.rb": {
        "lines": [
          0,
          0,
          0
        ],
        "branches": {
        }
      },
      "/media/sf_606/CourseEvaluationSummarizerProject/app/models/excel_sheet.rb": {
        "lines": [
          0,
          0
        ],
        "branches": {
        }
      }
    },
    "timestamp": 1697074183
  },
  "Cucumber Features": {
    "coverage": {
      "/media/sf_606/CourseEvaluationSummarizerProject/app/controllers/pages_controller.rb": {
        "lines": [
          1,
          1,
          1,
          null,
          null,
          1,
          null,
          1,
          0,
          null,
          1,
          0,
          null,
          null
        ]
      },
      "/media/sf_606/CourseEvaluationSummarizerProject/app/controllers/application_controller.rb": {
        "lines": [
          1,
          null
        ]
      },
      "/media/sf_606/CourseEvaluationSummarizerProject/app/helpers/application_helper.rb": {
        "lines": [
          1,
          null
        ]
      },
      "/media/sf_606/CourseEvaluationSummarizerProject/app/helpers/pages_helper.rb": {
        "lines": [
          1,
          null
        ]
      },
      "/media/sf_606/CourseEvaluationSummarizerProject/app/models/excel_sheet.rb": {
        "lines": [
          1,
          null
        ]
      },
      "/media/sf_606/CourseEvaluationSummarizerProject/app/models/application_record.rb": {
        "lines": [
          1,
          1,
          null
        ]
      },
      "/media/sf_606/CourseEvaluationSummarizerProject/app/channels/application_cable/channel.rb": {
        "lines": [
          0,
          0,
          0,
          0
        ],
        "branches": {
        }
      },
      "/media/sf_606/CourseEvaluationSummarizerProject/app/channels/application_cable/connection.rb": {
        "lines": [
          0,
          0,
          0,
          0
        ],
        "branches": {
        }
      },
      "/media/sf_606/CourseEvaluationSummarizerProject/app/controllers/hello_controller.rb": {
        "lines": [
          0,
          0,
          0,
          0,
          0,
          null,
          0,
          null,
          0,
          0,
          0,
          0
        ],
        "branches": {
        }
      },
      "/media/sf_606/CourseEvaluationSummarizerProject/app/jobs/application_job.rb": {
        "lines": [
          0,
          null,
          null,
          null,
          null,
          null,
          0
        ],
        "branches": {
        }
      },
      "/media/sf_606/CourseEvaluationSummarizerProject/app/mailers/application_mailer.rb": {
        "lines": [
          0,
          0,
          0,
          0
        ],
        "branches": {
        }
      }
    },
    "timestamp": 1697074187
  }
}
