{
  "Cucumber Features": {
    "coverage": {
      "/Users/pratikdesai/Desktop/TAMU/Software Engineering/SE Project/Test/CourseEvaluationSummarizer/app/models/excel_sheet.rb": {
        "lines": [
          null,
          null,
          1,
          1,
          null
        ]
      },
      "/Users/pratikdesai/Desktop/TAMU/Software Engineering/SE Project/Test/CourseEvaluationSummarizer/app/models/application_record.rb": {
        "lines": [
          null,
          null,
          1,
          1,
          null
        ]
      },
      "/Users/pratikdesai/Desktop/TAMU/Software Engineering/SE Project/Test/CourseEvaluationSummarizer/app/controllers/pages_controller.rb": {
        "lines": [
          null,
          null,
          1,
          1,
          1,
          null,
          null,
          1,
          null,
          1,
          0,
          null,
          null,
          1,
          1,
          1,
          1,
          1,
          1,
          null,
          1,
          null,
          1,
          1000,
          null,
          999,
          999,
          null,
          999,
          null,
          null,
          null,
          null,
          null,
          243,
          243,
          null,
          null,
          null,
          null,
          null,
          243,
          243,
          null,
          null,
          null,
          1,
          13,
          13,
          21,
          null,
          13,
          null,
          null,
          1,
          1,
          null,
          1,
          null,
          1,
          13,
          13,
          null,
          13,
          21,
          21,
          null,
          null,
          13,
          null,
          null,
          1,
          null,
          1,
          null,
          1,
          null,
          1,
          1000,
          1000,
          1000,
          null,
          null,
          1,
          null,
          1,
          1,
          null,
          1,
          1,
          0,
          null,
          1,
          1,
          1,
          null,
          null,
          1,
          null,
          1,
          null,
          245,
          null,
          1,
          8,
          null,
          1,
          null,
          1,
          null,
          null,
          1,
          1,
          null,
          1,
          1,
          null,
          null,
          0,
          0,
          null,
          null,
          null
        ]
      },
      "/Users/pratikdesai/Desktop/TAMU/Software Engineering/SE Project/Test/CourseEvaluationSummarizer/app/controllers/application_controller.rb": {
        "lines": [
          null,
          null,
          1,
          null
        ]
      },
      "/Users/pratikdesai/Desktop/TAMU/Software Engineering/SE Project/Test/CourseEvaluationSummarizer/app/helpers/application_helper.rb": {
        "lines": [
          null,
          null,
          1,
          null
        ]
      },
      "/Users/pratikdesai/Desktop/TAMU/Software Engineering/SE Project/Test/CourseEvaluationSummarizer/app/helpers/excel_sheets_helper.rb": {
        "lines": [
          null,
          null,
          1,
          null
        ]
      },
      "/Users/pratikdesai/Desktop/TAMU/Software Engineering/SE Project/Test/CourseEvaluationSummarizer/app/helpers/pages_helper.rb": {
        "lines": [
          null,
          null,
          1,
          null
        ]
      },
      "/Users/pratikdesai/Desktop/TAMU/Software Engineering/SE Project/Test/CourseEvaluationSummarizer/app/controllers/excel_sheets_controller.rb": {
        "lines": [
          null,
          null,
          1,
          null,
          null,
          null,
          null,
          null,
          null,
          null,
          null,
          null,
          null,
          null,
          1,
          0,
          null,
          null,
          null,
          1,
          null,
          1,
          null,
          null,
          null,
          null,
          null,
          null,
          1,
          null,
          1,
          1,
          null,
          0,
          null,
          null,
          null,
          null,
          null,
          null,
          null,
          null,
          null,
          null,
          null,
          null,
          null,
          null,
          null,
          null,
          null,
          null,
          null,
          null,
          null,
          null,
          null,
          null,
          null,
          null,
          null,
          null,
          1,
          null,
          1,
          0,
          null,
          null
        ]
      },
      "/Users/pratikdesai/Desktop/TAMU/Software Engineering/SE Project/Test/CourseEvaluationSummarizer/app/channels/application_cable/channel.rb": {
        "lines": [
          null,
          null,
          null,
          null,
          null
        ],
        "branches": {
        }
      },
      "/Users/pratikdesai/Desktop/TAMU/Software Engineering/SE Project/Test/CourseEvaluationSummarizer/app/channels/application_cable/connection.rb": {
        "lines": [
          null,
          null,
          null,
          null,
          null
        ],
        "branches": {
        }
      },
      "/Users/pratikdesai/Desktop/TAMU/Software Engineering/SE Project/Test/CourseEvaluationSummarizer/app/controllers/chatgpt_controller.rb": {
        "lines": [
          null,
          null,
          0,
          0,
          0,
          null,
          0,
          0,
          0
        ],
        "branches": {
        }
      },
      "/Users/pratikdesai/Desktop/TAMU/Software Engineering/SE Project/Test/CourseEvaluationSummarizer/app/jobs/application_job.rb": {
        "lines": [
          null,
          null,
          null,
          null,
          null,
          null,
          null,
          null
        ],
        "branches": {
        }
      },
      "/Users/pratikdesai/Desktop/TAMU/Software Engineering/SE Project/Test/CourseEvaluationSummarizer/app/mailers/application_mailer.rb": {
        "lines": [
          null,
          null,
          null,
          null,
          null
        ],
        "branches": {
        }
      },
      "/Users/pratikdesai/Desktop/TAMU/Software Engineering/SE Project/Test/CourseEvaluationSummarizer/app/services/chatgpt_service.rb": {
        "lines": [
          null,
          null,
          0,
          0,
          0,
          null,
          0,
          0,
          0,
          0,
          0,
          0,
          0,
          0,
          0,
          0,
          null,
          0,
          0,
          0,
          0,
          0,
          0,
          0,
          null,
          0,
          0,
          0
        ],
        "branches": {
        }
      }
    },
    "timestamp": 1697220057
  },
  "RSpec": {
    "coverage": {
      "/Users/pratikdesai/Desktop/TAMU/Software Engineering/SE Project/Test/CourseEvaluationSummarizer/app/helpers/application_helper.rb": {
        "lines": [
          1,
          null
        ]
      },
      "/Users/pratikdesai/Desktop/TAMU/Software Engineering/SE Project/Test/CourseEvaluationSummarizer/app/helpers/excel_sheets_helper.rb": {
        "lines": [
          1,
          null
        ]
      },
      "/Users/pratikdesai/Desktop/TAMU/Software Engineering/SE Project/Test/CourseEvaluationSummarizer/app/helpers/pages_helper.rb": {
        "lines": [
          1,
          null
        ]
      },
      "/Users/pratikdesai/Desktop/TAMU/Software Engineering/SE Project/Test/CourseEvaluationSummarizer/app/controllers/chatgpt_controller.rb": {
        "lines": [
          1,
          1,
          3,
          1,
          null,
          null,
          null
        ]
      },
      "/Users/pratikdesai/Desktop/TAMU/Software Engineering/SE Project/Test/CourseEvaluationSummarizer/app/controllers/application_controller.rb": {
        "lines": [
          1,
          null
        ]
      },
      "/Users/pratikdesai/Desktop/TAMU/Software Engineering/SE Project/Test/CourseEvaluationSummarizer/app/controllers/pages_controller.rb": {
        "lines": [
          1,
          1,
          1,
          null,
          null,
          1,
          null,
          1,
          1,
          null,
          null,
          1,
          null,
          2,
          2,
          2,
          2,
          2,
          null,
          2,
          null,
          2,
          2000,
          null,
          1998,
          1998,
          null,
          1998,
          null,
          null,
          null,
          null,
          null,
          486,
          486,
          null,
          null,
          null,
          null,
          null,
          486,
          486,
          null,
          null,
          null,
          null,
          2,
          26,
          26,
          42,
          42,
          null,
          null,
          26,
          null,
          null,
          null,
          2,
          2,
          null,
          null,
          2,
          null,
          2,
          26,
          26,
          null,
          26,
          42,
          42,
          null,
          null,
          26,
          null,
          null,
          null,
          2,
          null,
          2,
          null,
          null,
          2,
          null,
          null,
          2,
          2000,
          2000,
          2000,
          null,
          null,
          2,
          null,
          2,
          2,
          null,
          2,
          2,
          0,
          null,
          2,
          2,
          2,
          null,
          null,
          2,
          null,
          2,
          null,
          490,
          null,
          2,
          16,
          null,
          2,
          null,
          2,
          null,
          null,
          null,
          1,
          2,
          null,
          2,
          1,
          null,
          1,
          1,
          null,
          null,
          null
        ]
      },
      "/Users/pratikdesai/Desktop/TAMU/Software Engineering/SE Project/Test/CourseEvaluationSummarizer/app/services/chatgpt_service.rb": {
        "lines": [
          null,
          1,
          1,
          1,
          null,
          1,
          1,
          1,
          null,
          1,
          null,
          null,
          null,
          null,
          null,
          null,
          1,
          null,
          0,
          null,
          null,
          0,
          0,
          0,
          null,
          null
        ]
      },
      "/Users/pratikdesai/Desktop/TAMU/Software Engineering/SE Project/Test/CourseEvaluationSummarizer/app/models/excel_sheet.rb": {
        "lines": [
          1,
          1,
          null
        ]
      },
      "/Users/pratikdesai/Desktop/TAMU/Software Engineering/SE Project/Test/CourseEvaluationSummarizer/app/models/application_record.rb": {
        "lines": [
          1,
          1,
          null
        ]
      },
      "/Users/pratikdesai/Desktop/TAMU/Software Engineering/SE Project/Test/CourseEvaluationSummarizer/app/controllers/excel_sheets_controller.rb": {
        "lines": [
          1,
          null,
          null,
          null,
          null,
          null,
          null,
          null,
          null,
          null,
          null,
          null,
          1,
          0,
          null,
          null,
          null,
          1,
          null,
          1,
          null,
          null,
          null,
          null,
          null,
          null,
          1,
          null,
          1,
          1,
          null,
          0,
          null,
          null,
          null,
          null,
          null,
          null,
          null,
          null,
          null,
          null,
          null,
          null,
          null,
          null,
          null,
          null,
          null,
          null,
          null,
          null,
          null,
          null,
          null,
          null,
          null,
          null,
          null,
          1,
          null,
          1,
          0,
          null,
          null
        ]
      },
      "/Users/pratikdesai/Desktop/TAMU/Software Engineering/SE Project/Test/CourseEvaluationSummarizer/app/channels/application_cable/channel.rb": {
        "lines": [
          null,
          null,
          null,
          null
        ],
        "branches": {
        }
      },
      "/Users/pratikdesai/Desktop/TAMU/Software Engineering/SE Project/Test/CourseEvaluationSummarizer/app/channels/application_cable/connection.rb": {
        "lines": [
          null,
          null,
          null,
          null
        ],
        "branches": {
        }
      },
      "/Users/pratikdesai/Desktop/TAMU/Software Engineering/SE Project/Test/CourseEvaluationSummarizer/app/jobs/application_job.rb": {
        "lines": [
          null,
          null,
          null,
          null,
          null,
          null,
          null
        ],
        "branches": {
        }
      },
      "/Users/pratikdesai/Desktop/TAMU/Software Engineering/SE Project/Test/CourseEvaluationSummarizer/app/mailers/application_mailer.rb": {
        "lines": [
          null,
          null,
          null,
          null
        ],
        "branches": {
        }
      }
    },
    "timestamp": 1697216905
  }
}
